
(subl:21052): LIBDBUSMENU-GLIB-WARNING **: Trying to remove a child that doesn't believe we're it's parent.

(subl:21052): LIBDBUSMENU-GLIB-WARNING **: Trying to remove a child that doesn't believe we're it's parent.

(subl:21052): LIBDBUSMENU-GLIB-WARNING **: Trying to remove a child that doesn't believe we're it's parent.

(subl:21052): LIBDBUSMENU-GLIB-WARNING **: Trying to remove a child that doesn't believe we're it's parent.

(subl:21052): LIBDBUSMENU-GLIB-WARNING **: Trying to remove a child that doesn't believe we're it's parent.

(subl:21052): LIBDBUSMENU-GLIB-WARNING **: Trying to remove a child that doesn't believe we're it's parent.

(subl:21052): LIBDBUSMENU-GLIB-WARNING **: Trying to remove a child that doesn't believe we're it's parent.

(subl:21052): LIBDBUSMENU-GLIB-WARNING **: Trying to remove a child that doesn't believe we're it's parent.

(subl:21052): LIBDBUSMENU-GLIB-WARNING **: Trying to remove a child that doesn't believe we're it's parent.

(subl:21052): LIBDBUSMENU-GLIB-WARNING **: Trying to remove a child that doesn't believe we're it's parent.
Initializing nautilus-dropbox 1.6.0

** (nautilus:21772): WARNING **: /usr/lib/nautilus/extensions-3.0/libtotem-properties-page.so: undefined symbol: bacon_video_widget_get_type
Nautilus-Share-Message: Called "net usershare info" but it failed: 'net usershare' returned error 255: net usershare: cannot open usershare directory /var/lib/samba/usershares. Error No such file or directory
Please ask your system administrator to enable user sharing.


(subl:29463): LIBDBUSMENU-GLIB-WARNING **: Trying to remove a child that doesn't believe we're it's parent.

(subl:29463): LIBDBUSMENU-GLIB-WARNING **: Trying to remove a child that doesn't believe we're it's parent.

(subl:29463): LIBDBUSMENU-GLIB-WARNING **: Trying to remove a child that doesn't believe we're it's parent.

(subl:29463): LIBDBUSMENU-GLIB-WARNING **: Trying to remove a child that doesn't believe we're it's parent.

(subl:29463): LIBDBUSMENU-GLIB-WARNING **: Trying to remove a child that doesn't believe we're it's parent.

(subl:29463): LIBDBUSMENU-GLIB-WARNING **: Trying to remove a child that doesn't believe we're it's parent.

(subl:29463): LIBDBUSMENU-GLIB-WARNING **: Trying to remove a child that doesn't believe we're it's parent.

(subl:29463): LIBDBUSMENU-GLIB-WARNING **: Trying to remove a child that doesn't believe we're it's parent.

(subl:29463): LIBDBUSMENU-GLIB-WARNING **: Trying to remove a child that doesn't believe we're it's parent.

(subl:29463): LIBDBUSMENU-GLIB-WARNING **: Trying to remove a child that doesn't believe we're it's parent.
